<?xml version="1.0" encoding="UTF-8"?>
<!-- Generated by org.testng.reporters.JUnitReportReporter -->
<testsuite hostname="nandakiran-nfl" failures="0" tests="1" name="tests.CreateAccountTests" time="3.943" errors="0" timestamp="2025-08-21T12:19:13 IST" skipped="0">
  <testcase classname="tests.CreateAccountTests" name="verifyCreateAccountElements" time="3.943"/>
</testsuite> <!-- tests.CreateAccountTests -->
