<?xml version="1.0" encoding="UTF-8"?>
<!-- Generated by org.testng.reporters.JUnitReportReporter -->
<testsuite hostname="nandakiran-nfl" failures="0" tests="2" name="tests.CreateAccountTests" time="6.754" errors="0" timestamp="2025-08-28T12:13:50 IST" skipped="0">
  <testcase classname="tests.CreateAccountTests" name="verifyCreateAccountElements" time="3.794"/>
  <testcase classname="tests.CreateAccountTests" name="verifyResetPinElements" time="2.960"/>
</testsuite> <!-- tests.CreateAccountTests -->
