<?xml version="1.0" encoding="UTF-8"?>
<!-- Generated by org.testng.reporters.JUnitReportReporter -->
<testsuite hostname="nandakiran-nfl" failures="0" tests="2" name="tests.LoginPageTests" time="0.554" errors="0" timestamp="2025-08-21T11:27:29 IST" skipped="0">
  <testcase classname="tests.LoginPageTests" name="verifyLoginPageElemets" time="0.300"/>
  <testcase classname="tests.LoginPageTests" name="loginIntoApplication" time="0.254"/>
</testsuite> <!-- tests.LoginPageTests -->
