<?xml version="1.0" encoding="UTF-8"?>
<!-- Generated by org.testng.reporters.JUnitReportReporter -->
<testsuite hostname="nandakiran-nfl" failures="0" tests="2" name="tests.LoginPageTests" time="0.431" errors="0" timestamp="2025-09-01T12:42:38 IST" skipped="1">
  <testcase classname="tests.LoginPageTests" name="loginIntoApplication" time="0.431"/>
  <testcase classname="tests.LoginPageTests" name="verifyLoginPageElemets">
    <skipped/>
  </testcase> <!-- verifyLoginPageElemets -->
</testsuite> <!-- tests.LoginPageTests -->
