<?xml version="1.0" encoding="UTF-8"?>
<!-- Generated by org.testng.reporters.JUnitReportReporter -->
<testsuite hostname="nandakiran-nfl" failures="0" tests="2" name="tests.CreateAccountTests" time="7.333" errors="0" timestamp="2025-09-08T12:01:10 IST" skipped="0">
  <testcase classname="tests.CreateAccountTests" name="verifyCreateAccountElements" time="4.299"/>
  <testcase classname="tests.CreateAccountTests" name="verifyResetPinElements" time="3.034"/>
</testsuite> <!-- tests.CreateAccountTests -->
