<?xml version="1.0" encoding="UTF-8"?>
<!-- Generated by org.testng.reporters.JUnitReportReporter -->
<testsuite hostname="nandakiran-nfl" failures="0" tests="2" name="Day1.OpenBroweser" time="4.676" errors="0" timestamp="2025-08-15T00:58:30 IST" skipped="0">
  <testcase classname="Day1.OpenBroweser" name="loginIntoApplication" time="4.500"/>
  <testcase classname="Day1.OpenBroweser" name="verifyLoginPage" time="0.176"/>
</testsuite> <!-- Day1.OpenBroweser -->
