<?xml version="1.0" encoding="UTF-8"?>
<!-- Generated by org.testng.reporters.JUnitReportReporter -->
<testsuite hostname="nandakiran-nfl" failures="0" tests="2" name="Day1.OpenBroweser" time="4.718" errors="0" timestamp="2025-08-19T17:54:11 IST" skipped="0">
  <testcase classname="Day1.OpenBroweser" name="loginIntoApplication" time="4.543"/>
  <testcase classname="Day1.OpenBroweser" name="verifyLoginPage" time="0.175"/>
</testsuite> <!-- Day1.OpenBroweser -->
