<?xml version="1.0" encoding="UTF-8"?>
<!-- Generated by org.testng.reporters.JUnitReportReporter -->
<testsuite hostname="nandakiran-nfl" failures="0" tests="2" name="tests.LoginPageTests" time="0.440" errors="0" timestamp="2025-08-28T11:05:29 IST" skipped="0">
  <testcase classname="tests.LoginPageTests" name="verifyLoginPageElemets" time="0.218"/>
  <testcase classname="tests.LoginPageTests" name="loginIntoApplication" time="0.222"/>
</testsuite> <!-- tests.LoginPageTests -->
